# JRE version: Java(TM) SE Runtime Environment (8.0_101-b13) (build 1.8.0_101-b13)
# Java VM: Java HotSpot(TM) Client VM (25.101-b13 mixed mode windows-x86 )
Heap:
 def new generation   total 4928K, used 511K [0x04400000, 0x04950000, 0x19950000)
  eden space 4416K,   0% used [0x04400000, 0x04400000, 0x04850000)
  from space 512K,  99% used [0x048d0000, 0x0494fff8, 0x04950000)
  to   space 512K,   0% used [0x04850000, 0x04850000, 0x048d0000)
 tenured generation   total 11072K, used 11036K [0x19950000, 0x1a420000, 0x44400000)
   the space 11072K,  99% used [0x19950000, 0x1a417088, 0x1a417200, 0x1a420000)
 Metaspace       used 3441K, capacity 3494K, committed 3520K, reserved 4480K
GC Heap History (10 events):
Event: 0.758 GC heap after
Heap after GC invocations=10 (full 0):
 def new generation   total 4928K, used 512K [0x04400000, 0x04950000, 0x19950000)
  eden space 4416K,   0% used [0x04400000, 0x04400000, 0x04850000)
  from space 512K, 100% used [0x04850000, 0x048d0000, 0x048d0000)
  to   space 512K,   0% used [0x048d0000, 0x048d0000, 0x04950000)
 tenured generation   total 10944K, used 7287K [0x19950000, 0x1a400000, 0x44400000)
   the space 10944K,  66% used [0x19950000, 0x1a06df80, 0x1a06e000, 0x1a400000)
 Metaspace       used 3440K, capacity 3494K, committed 3520K, reserved 4480K
}
Event: 0.775 GC heap before
{Heap before GC invocations=10 (full 0):
 def new generation   total 4928K, used 4928K [0x04400000, 0x04950000, 0x19950000)
  eden space 4416K, 100% used [0x04400000, 0x04850000, 0x04850000)
  from space 512K, 100% used [0x04850000, 0x048d0000, 0x048d0000)
  to   space 512K,   0% used [0x048d0000, 0x048d0000, 0x04950000)
 tenured generation   total 10944K, used 7287K [0x19950000, 0x1a400000, 0x44400000)
   the space 10944K,  66% used [0x19950000, 0x1a06df80, 0x1a06e000, 0x1a400000)
 Metaspace       used 3440K, capacity 3494K, committed 3520K, reserved 4480K
Event: 0.781 GC heap after
Heap after GC invocations=11 (full 0):
 def new generation   total 4928K, used 511K [0x04400000, 0x04950000, 0x19950000)
  eden space 4416K,   0% used [0x04400000, 0x04400000, 0x04850000)
  from space 512K,  99% used [0x048d0000, 0x0494fff8, 0x04950000)
  to   space 512K,   0% used [0x04850000, 0x04850000, 0x048d0000)
 tenured generation   total 10944K, used 8092K [0x19950000, 0x1a400000, 0x44400000)
   the space 10944K,  73% used [0x19950000, 0x1a137388, 0x1a137400, 0x1a400000)
 Metaspace       used 3440K, capacity 3494K, committed 3520K, reserved 4480K
}
Event: 0.801 GC heap before
{Heap before GC invocations=11 (full 0):
 def new generation   total 4928K, used 4927K [0x04400000, 0x04950000, 0x19950000)
  eden space 4416K, 100% used [0x04400000, 0x04850000, 0x04850000)
  from space 512K,  99% used [0x048d0000, 0x0494fff8, 0x04950000)
  to   space 512K,   0% used [0x04850000, 0x04850000, 0x048d0000)
 tenured generation   total 10944K, used 8092K [0x19950000, 0x1a400000, 0x44400000)
   the space 10944K,  73% used [0x19950000, 0x1a137388, 0x1a137400, 0x1a400000)
 Metaspace       used 3441K, capacity 3494K, committed 3520K, reserved 4480K
Event: 0.806 GC heap after
Heap after GC invocations=12 (full 0):
 def new generation   total 4928K, used 512K [0x04400000, 0x04950000, 0x19950000)
  eden space 4416K,   0% used [0x04400000, 0x04400000, 0x04850000)
  from space 512K, 100% used [0x04850000, 0x048d0000, 0x048d0000)
  to   space 512K,   0% used [0x048d0000, 0x048d0000, 0x04950000)
 tenured generation   total 10944K, used 8872K [0x19950000, 0x1a400000, 0x44400000)
   the space 10944K,  81% used [0x19950000, 0x1a1fa230, 0x1a1fa400, 0x1a400000)
 Metaspace       used 3441K, capacity 3494K, committed 3520K, reserved 4480K
}
Event: 0.853 GC heap before
{Heap before GC invocations=12 (full 0):
 def new generation   total 4928K, used 4928K [0x04400000, 0x04950000, 0x19950000)
  eden space 4416K, 100% used [0x04400000, 0x04850000, 0x04850000)
  from space 512K, 100% used [0x04850000, 0x048d0000, 0x048d0000)
  to   space 512K,   0% used [0x048d0000, 0x048d0000, 0x04950000)
 tenured generation   total 10944K, used 8872K [0x19950000, 0x1a400000, 0x44400000)
   the space 10944K,  81% used [0x19950000, 0x1a1fa230, 0x1a1fa400, 0x1a400000)
 Metaspace       used 3441K, capacity 3494K, committed 3520K, reserved 4480K
Event: 0.858 GC heap after
Heap after GC invocations=13 (full 0):
 def new generation   total 4928K, used 512K [0x04400000, 0x04950000, 0x19950000)
  eden space 4416K,   0% used [0x04400000, 0x04400000, 0x04850000)
  from space 512K, 100% used [0x048d0000, 0x04950000, 0x04950000)
  to   space 512K,   0% used [0x04850000, 0x04850000, 0x048d0000)
 tenured generation   total 10944K, used 9650K [0x19950000, 0x1a400000, 0x44400000)
   the space 10944K,  88% used [0x19950000, 0x1a2bc810, 0x1a2bca00, 0x1a400000)
 Metaspace       used 3441K, capacity 3494K, committed 3520K, reserved 4480K
}
Event: 0.872 GC heap before
{Heap before GC invocations=13 (full 0):
 def new generation   total 4928K, used 4928K [0x04400000, 0x04950000, 0x19950000)
  eden space 4416K, 100% used [0x04400000, 0x04850000, 0x04850000)
  from space 512K, 100% used [0x048d0000, 0x04950000, 0x04950000)
  to   space 512K,   0% used [0x04850000, 0x04850000, 0x048d0000)
 tenured generation   total 10944K, used 9650K [0x19950000, 0x1a400000, 0x44400000)
   the space 10944K,  88% used [0x19950000, 0x1a2bc810, 0x1a2bca00, 0x1a400000)
 Metaspace       used 3441K, capacity 3494K, committed 3520K, reserved 4480K
Event: 0.876 GC heap after
Heap after GC invocations=14 (full 0):
 def new generation   total 4928K, used 512K [0x04400000, 0x04950000, 0x19950000)
  eden space 4416K,   0% used [0x04400000, 0x04400000, 0x04850000)
  from space 512K, 100% used [0x04850000, 0x048d0000, 0x048d0000)
  to   space 512K,   0% used [0x048d0000, 0x048d0000, 0x04950000)
 tenured generation   total 10944K, used 10200K [0x19950000, 0x1a400000, 0x44400000)
   the space 10944K,  93% used [0x19950000, 0x1a346260, 0x1a346400, 0x1a400000)
 Metaspace       used 3441K, capacity 3494K, committed 3520K, reserved 4480K
}
Event: 0.896 GC heap before
{Heap before GC invocations=14 (full 0):
 def new generation   total 4928K, used 4923K [0x04400000, 0x04950000, 0x19950000)
  eden space 4416K,  99% used [0x04400000, 0x0484ee60, 0x04850000)
  from space 512K, 100% used [0x04850000, 0x048d0000, 0x048d0000)
  to   space 512K,   0% used [0x048d0000, 0x048d0000, 0x04950000)
 tenured generation   total 10944K, used 10200K [0x19950000, 0x1a400000, 0x44400000)
   the space 10944K,  93% used [0x19950000, 0x1a346260, 0x1a346400, 0x1a400000)
 Metaspace       used 3441K, capacity 3494K, committed 3520K, reserved 4480K

